[INFO ] 2018-11-01 01:35:29.788 [main] SentenceParser - Sentence parser has been launched
[INFO ] 2018-11-01 01:35:30.173 [main] SentenceParser - Sentence pars has been completed
[INFO ] 2018-11-01 01:35:30.174 [main] SentenceParser - Sentence parser has been launched
[INFO ] 2018-11-01 01:35:30.175 [main] LexemeParser - Lexeme parser has been launched
[INFO ] 2018-11-01 01:35:30.187 [main] ExpressionParser - Expression parser has been launched
[INFO ] 2018-11-01 01:35:30.193 [main] ExpressionParser - Expression pars has been completed
[INFO ] 2018-11-01 01:35:30.194 [main] ExpressionParser - Expression parser has been launched
[INFO ] 2018-11-01 01:35:30.194 [main] ExpressionParser - Expression pars has been completed
[INFO ] 2018-11-01 01:35:30.200 [main] ExpressionParser - Expression parser has been launched
[INFO ] 2018-11-01 01:35:30.203 [main] ExpressionParser - Expression pars has been completed
[INFO ] 2018-11-01 01:35:30.203 [main] LexemeParser - Lexeme pars has been completed
[INFO ] 2018-11-01 01:35:30.204 [main] LexemeParser - Lexeme parser has been launched
[INFO ] 2018-11-01 01:35:30.205 [main] ExpressionParser - Expression parser has been launched
[INFO ] 2018-11-01 01:35:30.206 [main] ExpressionParser - Expression pars has been completed
[INFO ] 2018-11-01 01:35:30.208 [main] LexemeParser - Lexeme pars has been completed
[INFO ] 2018-11-01 01:35:30.208 [main] SentenceParser - Sentence pars has been completed
[INFO ] 2018-11-01 01:35:30.209 [main] SentenceParser - Sentence parser has been launched
[INFO ] 2018-11-01 01:35:30.209 [main] LexemeParser - Lexeme parser has been launched
[INFO ] 2018-11-01 01:35:30.212 [main] LexemeParser - Lexeme pars has been completed
[INFO ] 2018-11-01 01:35:30.212 [main] LexemeParser - Lexeme parser has been launched
[INFO ] 2018-11-01 01:35:30.213 [main] ExpressionParser - Expression parser has been launched
[INFO ] 2018-11-01 01:35:30.214 [main] ExpressionParser - Expression pars has been completed
[INFO ] 2018-11-01 01:35:30.217 [main] LexemeParser - Lexeme pars has been completed
[INFO ] 2018-11-01 01:35:30.218 [main] SentenceParser - Sentence pars has been completed
[INFO ] 2018-11-01 01:35:30.218 [main] SentenceParser - Sentence parser has been launched
[INFO ] 2018-11-01 01:35:30.218 [main] LexemeParser - Lexeme parser has been launched
[INFO ] 2018-11-01 01:35:30.219 [main] ExpressionParser - Expression parser has been launched
[INFO ] 2018-11-01 01:35:30.219 [main] ExpressionParser - Expression pars has been completed
[INFO ] 2018-11-01 01:35:30.220 [main] LexemeParser - Lexeme pars has been completed
[INFO ] 2018-11-01 01:35:30.220 [main] SentenceParser - Sentence pars has been completed
[INFO ] 2018-11-01 01:35:30.221 [main] SentenceParser - Sentence parser has been launched
[INFO ] 2018-11-01 01:35:30.221 [main] LexemeParser - Lexeme parser has been launched
[INFO ] 2018-11-01 01:35:30.221 [main] LexemeParser - Lexeme pars has been completed
[INFO ] 2018-11-01 01:35:30.221 [main] SentenceParser - Sentence pars has been completed
[INFO ] 2018-11-01 01:35:30.222 [main] ParagraphParser - Paragraph pars has been completed